<?xml version="1.0" encoding="UTF-8"?>
<!-- Generated by org.testng.reporters.JUnitReportReporter -->
<testsuite hostname="admin-PC" name="com.OHRM.testscripts.TC_102" tests="1" failures="0" timestamp="31 Mar 2019 23:48:00 GMT" time="35.255" errors="0">
  <testcase name="logInTest" time="35.255" classname="com.OHRM.testscripts.TC_102"/>
</testsuite> <!-- com.OHRM.testscripts.TC_102 -->
