<?xml version="1.0" encoding="UTF-8"?>
<!-- Generated by org.testng.reporters.JUnitReportReporter -->
<testsuite hostname="admin-PC" name="com.lib.TC_101" tests="1" failures="0" timestamp="31 Mar 2019 23:46:13 GMT" time="36.140" errors="0">
  <testcase name="logInTest" time="36.140" classname="com.lib.TC_101"/>
</testsuite> <!-- com.lib.TC_101 -->
